Using pre-set license
Built from '2020.3/release' branch; Version is '2020.3.1f1 (77a89f25062f) revision 7841951'; Using compiler version '192528614'; Build Type 'Release'
OS: 'Windows 10 Pro; OS build 19043.1237; Version 2009; 64bit' Language: 'en' Physical Memory: 8074 MB
BatchMode: 1, IsHumanControllingUs: 0, StartBugReporterOnCrash: 0, Is64bit: 1, IsPro: 0

 COMMAND LINE ARGUMENTS:
C:\Program Files\Unity\Hub\Editor\2020.3.1f1\Editor\Unity.exe
-adb2
-batchMode
-noUpm
-name
AssetImportWorker0
-projectPath
E:/My Projects/3D Games/Where Is My Castle
-logFile
Logs/AssetImportWorker0.log
-srvPort
63021
Successfully changed project path to: E:/My Projects/3D Games/Where Is My Castle
E:/My Projects/3D Games/Where Is My Castle
Using Asset Import Pipeline V2.
Refreshing native plugins compatible for Editor in 24.47 ms, found 0 plugins.
Preloading 0 native plugins for Editor in 0.00 ms.
Initialize engine version: 2020.3.1f1 (77a89f25062f)
[Subsystems] Discovering subsystems at path C:/Program Files/Unity/Hub/Editor/2020.3.1f1/Editor/Data/Resources/UnitySubsystems
[Subsystems] Discovering subsystems at path E:/My Projects/3D Games/Where Is My Castle/Assets
GfxDevice: creating device client; threaded=0
Direct3D:
    Version:  Direct3D 11.0 [level 11.0]
    Renderer: NVIDIA GeForce 930MX (ID=0x134e)
    Vendor:   
    VRAM:     2010 MB
    Driver:   27.21.14.5167
Initialize mono
Mono path[0] = 'C:/Program Files/Unity/Hub/Editor/2020.3.1f1/Editor/Data/Managed'
Mono path[1] = 'C:/Program Files/Unity/Hub/Editor/2020.3.1f1/Editor/Data/MonoBleedingEdge/lib/mono/unityjit'
Mono config path = 'C:/Program Files/Unity/Hub/Editor/2020.3.1f1/Editor/Data/MonoBleedingEdge/etc'
Using monoOptions --debugger-agent=transport=dt_socket,embedding=1,server=y,suspend=n,address=127.0.0.1:56472
Begin MonoManager ReloadAssembly
Registering precompiled unity dll's ...
Register platform support module: C:/Program Files/Unity/Hub/Editor/2020.3.1f1/Editor/Data/PlaybackEngines/WebGLSupport/UnityEditor.WebGL.Extensions.dll
Register platform support module: C:/Program Files/Unity/Hub/Editor/2020.3.1f1/Editor/Data/PlaybackEngines/WindowsStandaloneSupport/UnityEditor.WindowsStandalone.Extensions.dll
Registered in 0.003256 seconds.
Native extension for WindowsStandalone target not found
Native extension for WebGL target not found
Refreshing native plugins compatible for Editor in 24.62 ms, found 0 plugins.
Preloading 0 native plugins for Editor in 0.00 ms.
Invoked RoslynAnalysisRunner static constructor.
RoslynAnalysisRunner will not be running.
RoslynAnalysisRunner has terminated.
Mono: successfully reloaded assembly
- Completed reload, in  1.319 seconds
Platform modules already initialized, skipping
Registering precompiled user dll's ...
Registered in 0.000598 seconds.
Begin MonoManager ReloadAssembly
Native extension for WindowsStandalone target not found
Native extension for WebGL target not found
Refreshing native plugins compatible for Editor in 0.23 ms, found 0 plugins.
Preloading 0 native plugins for Editor in 0.00 ms.
Invoked RoslynAnalysisRunner static constructor.
RoslynAnalysisRunner will not be running.
RoslynAnalysisRunner has terminated.
Mono: successfully reloaded assembly
- Completed reload, in  1.003 seconds
Platform modules already initialized, skipping
========================================================================
Worker process is ready to serve import requests
Launched and connected shader compiler UnityShaderCompiler.exe after 0.05 seconds
Refreshing native plugins compatible for Editor in 0.20 ms, found 0 plugins.
Preloading 0 native plugins for Editor in 0.00 ms.
Unloading 1127 Unused Serialized files (Serialized files now loaded: 0)
System memory in use before: 58.8 MB.
System memory in use after: 58.8 MB.

Unloading 10 unused Assets to reduce memory usage. Loaded Objects now: 1569.
Total: 2.089200 ms (FindLiveObjects: 0.146400 ms CreateObjectMapping: 0.061200 ms MarkObjects: 1.798500 ms  DeleteObjects: 0.081800 ms)

========================================================================
Received Import Request.
  path: Assets
  artifactKey: Guid(00000000000000001000000000000000) Importer(815301076,1909f56bfc062723c751e8b465ee728b)
Start importing Assets using Guid(00000000000000001000000000000000) Importer(815301076,1909f56bfc062723c751e8b465ee728b)  -> (artifact id: 'a6374019befeac6ce670f13ba9960efb') in 0.003349 seconds
  Import took 0.147584 seconds .

========================================================================
Received Import Request.
  Time since last request: 8.847755 seconds.
  path: Assets/Prefabs
  artifactKey: Guid(3da1873e16a81b547b9578711931db0b) Importer(815301076,1909f56bfc062723c751e8b465ee728b)
Start importing Assets/Prefabs using Guid(3da1873e16a81b547b9578711931db0b) Importer(815301076,1909f56bfc062723c751e8b465ee728b)  -> (artifact id: '38f1d32dd3c5f534fdaba17216659adc') in 0.001553 seconds
  Import took 0.047533 seconds .

========================================================================
Received Import Request.
  Time since last request: 5.242563 seconds.
  path: Assets/Prefabs/Tile.prefab
  artifactKey: Guid(e1db45082aa481446b31b7501ed50c8d) Importer(815301076,1909f56bfc062723c751e8b465ee728b)
Start importing Assets/Prefabs/Tile.prefab using Guid(e1db45082aa481446b31b7501ed50c8d) Importer(815301076,1909f56bfc062723c751e8b465ee728b)  -> (artifact id: 'c7801d4293b93f238a31ce21634371b1') in 0.182378 seconds
  Import took 0.220745 seconds .

========================================================================
Received Import Request.
  Time since last request: 274.012478 seconds.
  path: Assets/Coordinate Labeler.cs
  artifactKey: Guid(a60ed95a761b04d41b0ef78ffb88b09c) Importer(815301076,1909f56bfc062723c751e8b465ee728b)
Start importing Assets/Coordinate Labeler.cs using Guid(a60ed95a761b04d41b0ef78ffb88b09c) Importer(815301076,1909f56bfc062723c751e8b465ee728b)  -> (artifact id: '88ab3b345bfeaa1b7a4db4d23bd10d84') in 0.118933 seconds
  Import took 0.155799 seconds .

========================================================================
Received Prepare
Registering precompiled user dll's ...
Registered in 0.000607 seconds.
Begin MonoManager ReloadAssembly
Native extension for WindowsStandalone target not found
Native extension for WebGL target not found
Refreshing native plugins compatible for Editor in 0.21 ms, found 0 plugins.
Preloading 0 native plugins for Editor in 0.00 ms.
Invoked RoslynAnalysisRunner static constructor.
RoslynAnalysisRunner will not be running.
RoslynAnalysisRunner has terminated.
Mono: successfully reloaded assembly
- Completed reload, in  1.010 seconds
Platform modules already initialized, skipping
Refreshing native plugins compatible for Editor in 0.20 ms, found 0 plugins.
Preloading 0 native plugins for Editor in 0.00 ms.
Unloading 1110 Unused Serialized files (Serialized files now loaded: 0)
System memory in use before: 60.9 MB.
System memory in use after: 61.0 MB.

Unloading 6 unused Assets to reduce memory usage. Loaded Objects now: 1581.
Total: 1.954600 ms (FindLiveObjects: 0.231500 ms CreateObjectMapping: 0.057400 ms MarkObjects: 1.606500 ms  DeleteObjects: 0.057600 ms)

========================================================================
Received Prepare
Registering precompiled user dll's ...
Registered in 0.000777 seconds.
Begin MonoManager ReloadAssembly
Native extension for WindowsStandalone target not found
Native extension for WebGL target not found
Refreshing native plugins compatible for Editor in 0.20 ms, found 0 plugins.
Preloading 0 native plugins for Editor in 0.00 ms.
Invoked RoslynAnalysisRunner static constructor.
RoslynAnalysisRunner will not be running.
RoslynAnalysisRunner has terminated.
Mono: successfully reloaded assembly
- Completed reload, in  0.952 seconds
Platform modules already initialized, skipping
Refreshing native plugins compatible for Editor in 0.21 ms, found 0 plugins.
Preloading 0 native plugins for Editor in 0.00 ms.
Unloading 1109 Unused Serialized files (Serialized files now loaded: 0)
System memory in use before: 60.9 MB.
System memory in use after: 61.0 MB.

Unloading 6 unused Assets to reduce memory usage. Loaded Objects now: 1583.
Total: 2.150600 ms (FindLiveObjects: 0.311700 ms CreateObjectMapping: 0.156000 ms MarkObjects: 1.623100 ms  DeleteObjects: 0.058000 ms)

========================================================================
Received Prepare
Registering precompiled user dll's ...
Registered in 0.000603 seconds.
Begin MonoManager ReloadAssembly
Native extension for WindowsStandalone target not found
Native extension for WebGL target not found
Refreshing native plugins compatible for Editor in 0.22 ms, found 0 plugins.
Preloading 0 native plugins for Editor in 0.00 ms.
Invoked RoslynAnalysisRunner static constructor.
RoslynAnalysisRunner will not be running.
RoslynAnalysisRunner has terminated.
Mono: successfully reloaded assembly
- Completed reload, in  0.910 seconds
Platform modules already initialized, skipping
Refreshing native plugins compatible for Editor in 0.21 ms, found 0 plugins.
Preloading 0 native plugins for Editor in 0.00 ms.
Unloading 1110 Unused Serialized files (Serialized files now loaded: 0)
System memory in use before: 60.9 MB.
System memory in use after: 61.0 MB.

Unloading 5 unused Assets to reduce memory usage. Loaded Objects now: 1587.
Total: 1.803800 ms (FindLiveObjects: 0.141000 ms CreateObjectMapping: 0.036600 ms MarkObjects: 1.576100 ms  DeleteObjects: 0.048800 ms)

========================================================================
Received Import Request.
  Time since last request: 167.218477 seconds.
  path: Assets/CoordinateLabeler.cs
  artifactKey: Guid(2313b4fc1ec9fcc40898eaac406381cc) Importer(815301076,1909f56bfc062723c751e8b465ee728b)
Start importing Assets/CoordinateLabeler.cs using Guid(2313b4fc1ec9fcc40898eaac406381cc) Importer(815301076,1909f56bfc062723c751e8b465ee728b)  -> (artifact id: '2f797187333d5a3cd7b8de15e175aa60') in 0.003401 seconds
  Import took 0.220585 seconds .

========================================================================
Received Prepare
Registering precompiled user dll's ...
Registered in 0.000867 seconds.
Begin MonoManager ReloadAssembly
Native extension for WindowsStandalone target not found
Native extension for WebGL target not found
Refreshing native plugins compatible for Editor in 0.22 ms, found 0 plugins.
Preloading 0 native plugins for Editor in 0.00 ms.
Invoked RoslynAnalysisRunner static constructor.
RoslynAnalysisRunner will not be running.
RoslynAnalysisRunner has terminated.
Mono: successfully reloaded assembly
- Completed reload, in  1.053 seconds
Platform modules already initialized, skipping
Refreshing native plugins compatible for Editor in 0.54 ms, found 0 plugins.
Preloading 0 native plugins for Editor in 0.00 ms.
Unloading 1110 Unused Serialized files (Serialized files now loaded: 0)
System memory in use before: 60.9 MB.
System memory in use after: 61.0 MB.

Unloading 5 unused Assets to reduce memory usage. Loaded Objects now: 1590.
Total: 2.146500 ms (FindLiveObjects: 0.281200 ms CreateObjectMapping: 0.081500 ms MarkObjects: 1.699000 ms  DeleteObjects: 0.083600 ms)

========================================================================
Received Import Request.
  Time since last request: 390.956754 seconds.
  path: Assets/CoordinateLabeler.cs
  artifactKey: Guid(2313b4fc1ec9fcc40898eaac406381cc) Importer(815301076,1909f56bfc062723c751e8b465ee728b)
Start importing Assets/CoordinateLabeler.cs using Guid(2313b4fc1ec9fcc40898eaac406381cc) Importer(815301076,1909f56bfc062723c751e8b465ee728b)  -> (artifact id: 'b9e1ec28a4e8ce8bcf82e29175567564') in 0.003296 seconds
  Import took 0.005431 seconds .

========================================================================
Received Prepare
Registering precompiled user dll's ...
Registered in 0.000741 seconds.
Begin MonoManager ReloadAssembly
Native extension for WindowsStandalone target not found
Native extension for WebGL target not found
Refreshing native plugins compatible for Editor in 0.25 ms, found 0 plugins.
Preloading 0 native plugins for Editor in 0.00 ms.
Invoked RoslynAnalysisRunner static constructor.
RoslynAnalysisRunner will not be running.
RoslynAnalysisRunner has terminated.
Mono: successfully reloaded assembly
- Completed reload, in  0.977 seconds
Platform modules already initialized, skipping
Refreshing native plugins compatible for Editor in 0.21 ms, found 0 plugins.
Preloading 0 native plugins for Editor in 0.00 ms.
Unloading 1110 Unused Serialized files (Serialized files now loaded: 0)
System memory in use before: 61.0 MB.
System memory in use after: 61.0 MB.

Unloading 5 unused Assets to reduce memory usage. Loaded Objects now: 1593.
Total: 2.913100 ms (FindLiveObjects: 0.503100 ms CreateObjectMapping: 0.184500 ms MarkObjects: 2.147200 ms  DeleteObjects: 0.075200 ms)

========================================================================
Received Import Request.
  Time since last request: 92.327941 seconds.
  path: Assets/CoordinateLabeler.cs
  artifactKey: Guid(2313b4fc1ec9fcc40898eaac406381cc) Importer(815301076,1909f56bfc062723c751e8b465ee728b)
Start importing Assets/CoordinateLabeler.cs using Guid(2313b4fc1ec9fcc40898eaac406381cc) Importer(815301076,1909f56bfc062723c751e8b465ee728b)  -> (artifact id: '1e1648258a50017abc4fde488ec3e1da') in 0.003224 seconds
  Import took 0.005408 seconds .

========================================================================
Received Prepare
Registering precompiled user dll's ...
Registered in 0.000675 seconds.
Begin MonoManager ReloadAssembly
Native extension for WindowsStandalone target not found
Native extension for WebGL target not found
Refreshing native plugins compatible for Editor in 1.10 ms, found 0 plugins.
Preloading 0 native plugins for Editor in 0.00 ms.
Invoked RoslynAnalysisRunner static constructor.
RoslynAnalysisRunner will not be running.
RoslynAnalysisRunner has terminated.
Mono: successfully reloaded assembly
- Completed reload, in  1.188 seconds
Platform modules already initialized, skipping
Refreshing native plugins compatible for Editor in 0.24 ms, found 0 plugins.
Preloading 0 native plugins for Editor in 0.00 ms.
Unloading 1110 Unused Serialized files (Serialized files now loaded: 0)
System memory in use before: 61.0 MB.
System memory in use after: 61.0 MB.

Unloading 5 unused Assets to reduce memory usage. Loaded Objects now: 1596.
Total: 3.812400 ms (FindLiveObjects: 0.397300 ms CreateObjectMapping: 0.146100 ms MarkObjects: 3.201100 ms  DeleteObjects: 0.065800 ms)

========================================================================
Received Import Request.
  Time since last request: 179.383842 seconds.
  path: Assets/CoordinateLabeler.cs
  artifactKey: Guid(2313b4fc1ec9fcc40898eaac406381cc) Importer(815301076,1909f56bfc062723c751e8b465ee728b)
Start importing Assets/CoordinateLabeler.cs using Guid(2313b4fc1ec9fcc40898eaac406381cc) Importer(815301076,1909f56bfc062723c751e8b465ee728b)  -> (artifact id: '3bf5bf6e1d414cb891d8bd6e19dd3cab') in 0.004731 seconds
  Import took 0.010351 seconds .

========================================================================
Received Prepare
Registering precompiled user dll's ...
Registered in 0.000736 seconds.
Begin MonoManager ReloadAssembly
Native extension for WindowsStandalone target not found
Native extension for WebGL target not found
Refreshing native plugins compatible for Editor in 0.21 ms, found 0 plugins.
Preloading 0 native plugins for Editor in 0.00 ms.
Invoked RoslynAnalysisRunner static constructor.
RoslynAnalysisRunner will not be running.
RoslynAnalysisRunner has terminated.
Mono: successfully reloaded assembly
- Completed reload, in  0.921 seconds
Platform modules already initialized, skipping
Refreshing native plugins compatible for Editor in 0.21 ms, found 0 plugins.
Preloading 0 native plugins for Editor in 0.00 ms.
Unloading 1110 Unused Serialized files (Serialized files now loaded: 0)
System memory in use before: 61.0 MB.
System memory in use after: 61.0 MB.

Unloading 5 unused Assets to reduce memory usage. Loaded Objects now: 1599.
Total: 2.360100 ms (FindLiveObjects: 0.197600 ms CreateObjectMapping: 0.070300 ms MarkObjects: 2.007600 ms  DeleteObjects: 0.082600 ms)

========================================================================
Received Import Request.
  Time since last request: 305.646910 seconds.
  path: Assets/Scenes
  artifactKey: Guid(496e985a7b0df5d489e09d32af17fdcc) Importer(815301076,1909f56bfc062723c751e8b465ee728b)
Start importing Assets/Scenes using Guid(496e985a7b0df5d489e09d32af17fdcc) Importer(815301076,1909f56bfc062723c751e8b465ee728b)  -> (artifact id: '07b22dadde2eca460f0c62e8f27387ee') in 0.004695 seconds
  Import took 0.007195 seconds .

========================================================================
Received Import Request.
  Time since last request: 0.011100 seconds.
  path: Assets/Scenes
  artifactKey: Guid(496e985a7b0df5d489e09d32af17fdcc) Importer(815301076,1909f56bfc062723c751e8b465ee728b)
Start importing Assets/Scenes using Guid(496e985a7b0df5d489e09d32af17fdcc) Importer(815301076,1909f56bfc062723c751e8b465ee728b)  -> (artifact id: '07b22dadde2eca460f0c62e8f27387ee') in 0.001750 seconds
  Import took 0.004081 seconds .

========================================================================
Received Import Request.
  Time since last request: 0.460597 seconds.
  path: Assets/Prefabs/Tile.prefab
  artifactKey: Guid(e1db45082aa481446b31b7501ed50c8d) Importer(815301076,1909f56bfc062723c751e8b465ee728b)
Start importing Assets/Prefabs/Tile.prefab using Guid(e1db45082aa481446b31b7501ed50c8d) Importer(815301076,1909f56bfc062723c751e8b465ee728b)  -> (artifact id: '9d98d5944d1f9a5dacd29cf9bdea420e') in 1.102608 seconds
  Import took 1.105240 seconds .

========================================================================
Received Prepare
Registering precompiled user dll's ...
Registered in 0.000625 seconds.
Begin MonoManager ReloadAssembly
Native extension for WindowsStandalone target not found
Native extension for WebGL target not found
Refreshing native plugins compatible for Editor in 0.24 ms, found 0 plugins.
Preloading 0 native plugins for Editor in 0.00 ms.
Invoked RoslynAnalysisRunner static constructor.
RoslynAnalysisRunner will not be running.
RoslynAnalysisRunner has terminated.
Mono: successfully reloaded assembly
- Completed reload, in  0.918 seconds
Platform modules already initialized, skipping
Refreshing native plugins compatible for Editor in 0.25 ms, found 0 plugins.
Preloading 0 native plugins for Editor in 0.00 ms.
Unloading 1110 Unused Serialized files (Serialized files now loaded: 0)
System memory in use before: 61.0 MB.
System memory in use after: 61.1 MB.

Unloading 6 unused Assets to reduce memory usage. Loaded Objects now: 1603.
Total: 2.316900 ms (FindLiveObjects: 0.240700 ms CreateObjectMapping: 0.071400 ms MarkObjects: 1.939800 ms  DeleteObjects: 0.062900 ms)

========================================================================
Received Prepare
Registering precompiled user dll's ...
Registered in 0.000639 seconds.
Begin MonoManager ReloadAssembly
Native extension for WindowsStandalone target not found
Native extension for WebGL target not found
Refreshing native plugins compatible for Editor in 0.20 ms, found 0 plugins.
Preloading 0 native plugins for Editor in 0.00 ms.
Invoked RoslynAnalysisRunner static constructor.
RoslynAnalysisRunner will not be running.
RoslynAnalysisRunner has terminated.
Mono: successfully reloaded assembly
- Completed reload, in  0.937 seconds
Platform modules already initialized, skipping
Refreshing native plugins compatible for Editor in 0.21 ms, found 0 plugins.
Preloading 0 native plugins for Editor in 0.00 ms.
Unloading 1110 Unused Serialized files (Serialized files now loaded: 0)
System memory in use before: 61.0 MB.
System memory in use after: 61.1 MB.

Unloading 5 unused Assets to reduce memory usage. Loaded Objects now: 1606.
Total: 2.354600 ms (FindLiveObjects: 0.373500 ms CreateObjectMapping: 0.109100 ms MarkObjects: 1.813800 ms  DeleteObjects: 0.056200 ms)

========================================================================
Received Prepare
Registering precompiled user dll's ...
Registered in 0.000686 seconds.
Begin MonoManager ReloadAssembly
Native extension for WindowsStandalone target not found
Native extension for WebGL target not found
Refreshing native plugins compatible for Editor in 0.25 ms, found 0 plugins.
Preloading 0 native plugins for Editor in 0.00 ms.
Invoked RoslynAnalysisRunner static constructor.
RoslynAnalysisRunner will not be running.
RoslynAnalysisRunner has terminated.
Mono: successfully reloaded assembly
- Completed reload, in  0.898 seconds
Platform modules already initialized, skipping
Refreshing native plugins compatible for Editor in 0.21 ms, found 0 plugins.
Preloading 0 native plugins for Editor in 0.00 ms.
Unloading 1110 Unused Serialized files (Serialized files now loaded: 0)
System memory in use before: 61.0 MB.
System memory in use after: 61.1 MB.

Unloading 5 unused Assets to reduce memory usage. Loaded Objects now: 1609.
Total: 1.861600 ms (FindLiveObjects: 0.138500 ms CreateObjectMapping: 0.038900 ms MarkObjects: 1.628200 ms  DeleteObjects: 0.054500 ms)

========================================================================
Received Import Request.
  Time since last request: 391.653993 seconds.
  path: Assets/Prefabs/Tile.prefab
  artifactKey: Guid(e1db45082aa481446b31b7501ed50c8d) Importer(815301076,1909f56bfc062723c751e8b465ee728b)
Start importing Assets/Prefabs/Tile.prefab using Guid(e1db45082aa481446b31b7501ed50c8d) Importer(815301076,1909f56bfc062723c751e8b465ee728b)  -> (artifact id: 'f6346236e3e4e8d1dbbb38a93e17314e') in 0.119735 seconds
  Import took 0.122215 seconds .

========================================================================
Received Prepare
Registering precompiled user dll's ...
Registered in 0.000659 seconds.
Begin MonoManager ReloadAssembly
Native extension for WindowsStandalone target not found
Native extension for WebGL target not found
Refreshing native plugins compatible for Editor in 0.20 ms, found 0 plugins.
Preloading 0 native plugins for Editor in 0.00 ms.
Invoked RoslynAnalysisRunner static constructor.
RoslynAnalysisRunner will not be running.
RoslynAnalysisRunner has terminated.
Mono: successfully reloaded assembly
- Completed reload, in  0.905 seconds
Platform modules already initialized, skipping
Refreshing native plugins compatible for Editor in 0.21 ms, found 0 plugins.
Preloading 0 native plugins for Editor in 0.00 ms.
Unloading 1110 Unused Serialized files (Serialized files now loaded: 0)
System memory in use before: 61.0 MB.
System memory in use after: 61.1 MB.

Unloading 6 unused Assets to reduce memory usage. Loaded Objects now: 1613.
Total: 2.077100 ms (FindLiveObjects: 0.244100 ms CreateObjectMapping: 0.096200 ms MarkObjects: 1.661900 ms  DeleteObjects: 0.072200 ms)

========================================================================
Received Prepare
Registering precompiled user dll's ...
Registered in 0.000630 seconds.
Begin MonoManager ReloadAssembly
Native extension for WindowsStandalone target not found
Native extension for WebGL target not found
Refreshing native plugins compatible for Editor in 0.21 ms, found 0 plugins.
Preloading 0 native plugins for Editor in 0.00 ms.
Invoked RoslynAnalysisRunner static constructor.
RoslynAnalysisRunner will not be running.
RoslynAnalysisRunner has terminated.
Mono: successfully reloaded assembly
- Completed reload, in  0.825 seconds
Platform modules already initialized, skipping
Refreshing native plugins compatible for Editor in 0.22 ms, found 0 plugins.
Preloading 0 native plugins for Editor in 0.00 ms.
Unloading 1110 Unused Serialized files (Serialized files now loaded: 0)
System memory in use before: 61.0 MB.
System memory in use after: 61.1 MB.

Unloading 5 unused Assets to reduce memory usage. Loaded Objects now: 1616.
Total: 2.350200 ms (FindLiveObjects: 0.497100 ms CreateObjectMapping: 0.090900 ms MarkObjects: 1.699200 ms  DeleteObjects: 0.058700 ms)

========================================================================
Received Prepare
Registering precompiled user dll's ...
Registered in 0.000651 seconds.
Begin MonoManager ReloadAssembly
Native extension for WindowsStandalone target not found
Native extension for WebGL target not found
Refreshing native plugins compatible for Editor in 0.24 ms, found 0 plugins.
Preloading 0 native plugins for Editor in 0.00 ms.
Invoked RoslynAnalysisRunner static constructor.
RoslynAnalysisRunner will not be running.
RoslynAnalysisRunner has terminated.
Mono: successfully reloaded assembly
- Completed reload, in  0.938 seconds
Platform modules already initialized, skipping
Refreshing native plugins compatible for Editor in 0.21 ms, found 0 plugins.
Preloading 0 native plugins for Editor in 0.00 ms.
Unloading 1110 Unused Serialized files (Serialized files now loaded: 0)
System memory in use before: 61.0 MB.
System memory in use after: 61.1 MB.

Unloading 5 unused Assets to reduce memory usage. Loaded Objects now: 1619.
Total: 2.093500 ms (FindLiveObjects: 0.200500 ms CreateObjectMapping: 0.056900 ms MarkObjects: 1.777900 ms  DeleteObjects: 0.055900 ms)

========================================================================
Received Import Request.
  Time since last request: 8103.732476 seconds.
  path: Assets/Prefabs/Tile.prefab
  artifactKey: Guid(e1db45082aa481446b31b7501ed50c8d) Importer(815301076,1909f56bfc062723c751e8b465ee728b)
Start importing Assets/Prefabs/Tile.prefab using Guid(e1db45082aa481446b31b7501ed50c8d) Importer(815301076,1909f56bfc062723c751e8b465ee728b)  -> (artifact id: 'c75862621e1093df7ddc2574e76b1d60') in 0.433051 seconds
  Import took 0.435658 seconds .

========================================================================
Received Prepare
Registering precompiled user dll's ...
Registered in 0.000629 seconds.
Begin MonoManager ReloadAssembly
Native extension for WindowsStandalone target not found
Native extension for WebGL target not found
Refreshing native plugins compatible for Editor in 0.21 ms, found 0 plugins.
Preloading 0 native plugins for Editor in 0.00 ms.
Invoked RoslynAnalysisRunner static constructor.
RoslynAnalysisRunner will not be running.
RoslynAnalysisRunner has terminated.
Mono: successfully reloaded assembly
- Completed reload, in  0.927 seconds
Platform modules already initialized, skipping
Refreshing native plugins compatible for Editor in 0.22 ms, found 0 plugins.
Preloading 0 native plugins for Editor in 0.00 ms.
Unloading 1110 Unused Serialized files (Serialized files now loaded: 0)
System memory in use before: 61.0 MB.
System memory in use after: 61.1 MB.

Unloading 6 unused Assets to reduce memory usage. Loaded Objects now: 1623.
Total: 2.074300 ms (FindLiveObjects: 0.321000 ms CreateObjectMapping: 0.050700 ms MarkObjects: 1.636900 ms  DeleteObjects: 0.062600 ms)

========================================================================
Received Prepare
Registering precompiled user dll's ...
Registered in 0.000682 seconds.
Begin MonoManager ReloadAssembly
Native extension for WindowsStandalone target not found
Native extension for WebGL target not found
Refreshing native plugins compatible for Editor in 0.21 ms, found 0 plugins.
Preloading 0 native plugins for Editor in 0.00 ms.
Invoked RoslynAnalysisRunner static constructor.
RoslynAnalysisRunner will not be running.
RoslynAnalysisRunner has terminated.
Mono: successfully reloaded assembly
- Completed reload, in  0.890 seconds
Platform modules already initialized, skipping
Refreshing native plugins compatible for Editor in 0.22 ms, found 0 plugins.
Preloading 0 native plugins for Editor in 0.00 ms.
Unloading 1110 Unused Serialized files (Serialized files now loaded: 0)
System memory in use before: 61.0 MB.
System memory in use after: 61.1 MB.

Unloading 5 unused Assets to reduce memory usage. Loaded Objects now: 1626.
Total: 1.810900 ms (FindLiveObjects: 0.140000 ms CreateObjectMapping: 0.037200 ms MarkObjects: 1.578100 ms  DeleteObjects: 0.054200 ms)

========================================================================
Received Prepare
Registering precompiled user dll's ...
Registered in 0.000921 seconds.
Begin MonoManager ReloadAssembly
Native extension for WindowsStandalone target not found
Native extension for WebGL target not found
Refreshing native plugins compatible for Editor in 0.27 ms, found 0 plugins.
Preloading 0 native plugins for Editor in 0.00 ms.
Invoked RoslynAnalysisRunner static constructor.
RoslynAnalysisRunner will not be running.
RoslynAnalysisRunner has terminated.
Mono: successfully reloaded assembly
- Completed reload, in  0.912 seconds
Platform modules already initialized, skipping
Refreshing native plugins compatible for Editor in 0.24 ms, found 0 plugins.
Preloading 0 native plugins for Editor in 0.00 ms.
Unloading 1110 Unused Serialized files (Serialized files now loaded: 0)
System memory in use before: 61.0 MB.
System memory in use after: 61.1 MB.

Unloading 5 unused Assets to reduce memory usage. Loaded Objects now: 1629.
Total: 2.029000 ms (FindLiveObjects: 0.245800 ms CreateObjectMapping: 0.083600 ms MarkObjects: 1.629900 ms  DeleteObjects: 0.068300 ms)

========================================================================
Received Prepare
Registering precompiled user dll's ...
Registered in 0.000842 seconds.
Begin MonoManager ReloadAssembly
Native extension for WindowsStandalone target not found
Native extension for WebGL target not found
Refreshing native plugins compatible for Editor in 0.21 ms, found 0 plugins.
Preloading 0 native plugins for Editor in 0.00 ms.
Invoked RoslynAnalysisRunner static constructor.
RoslynAnalysisRunner will not be running.
RoslynAnalysisRunner has terminated.
Mono: successfully reloaded assembly
- Completed reload, in  0.987 seconds
Platform modules already initialized, skipping
Refreshing native plugins compatible for Editor in 0.21 ms, found 0 plugins.
Preloading 0 native plugins for Editor in 0.00 ms.
Unloading 1110 Unused Serialized files (Serialized files now loaded: 0)
System memory in use before: 61.0 MB.
System memory in use after: 61.1 MB.

Unloading 5 unused Assets to reduce memory usage. Loaded Objects now: 1632.
Total: 2.779600 ms (FindLiveObjects: 0.322300 ms CreateObjectMapping: 0.299100 ms MarkObjects: 2.094500 ms  DeleteObjects: 0.061100 ms)

========================================================================
Received Prepare
Registering precompiled user dll's ...
Registered in 0.000666 seconds.
Begin MonoManager ReloadAssembly
Native extension for WindowsStandalone target not found
Native extension for WebGL target not found
Refreshing native plugins compatible for Editor in 0.34 ms, found 0 plugins.
Preloading 0 native plugins for Editor in 0.00 ms.
Invoked RoslynAnalysisRunner static constructor.
RoslynAnalysisRunner will not be running.
RoslynAnalysisRunner has terminated.
Mono: successfully reloaded assembly
- Completed reload, in  0.923 seconds
Platform modules already initialized, skipping
Refreshing native plugins compatible for Editor in 0.24 ms, found 0 plugins.
Preloading 0 native plugins for Editor in 0.00 ms.
Unloading 1110 Unused Serialized files (Serialized files now loaded: 0)
System memory in use before: 61.0 MB.
System memory in use after: 61.1 MB.

Unloading 5 unused Assets to reduce memory usage. Loaded Objects now: 1635.
Total: 2.321800 ms (FindLiveObjects: 0.436000 ms CreateObjectMapping: 0.079300 ms MarkObjects: 1.745300 ms  DeleteObjects: 0.059800 ms)

========================================================================
Received Prepare
Registering precompiled user dll's ...
Registered in 0.000676 seconds.
Begin MonoManager ReloadAssembly
Native extension for WindowsStandalone target not found
Native extension for WebGL target not found
Refreshing native plugins compatible for Editor in 0.32 ms, found 0 plugins.
Preloading 0 native plugins for Editor in 0.00 ms.
Invoked RoslynAnalysisRunner static constructor.
RoslynAnalysisRunner will not be running.
RoslynAnalysisRunner has terminated.
Mono: successfully reloaded assembly
- Completed reload, in  0.893 seconds
Platform modules already initialized, skipping
Refreshing native plugins compatible for Editor in 0.21 ms, found 0 plugins.
Preloading 0 native plugins for Editor in 0.00 ms.
Unloading 1110 Unused Serialized files (Serialized files now loaded: 0)
System memory in use before: 61.1 MB.
System memory in use after: 61.1 MB.

Unloading 5 unused Assets to reduce memory usage. Loaded Objects now: 1638.
Total: 2.076600 ms (FindLiveObjects: 0.224300 ms CreateObjectMapping: 0.059600 ms MarkObjects: 1.732700 ms  DeleteObjects: 0.058600 ms)

========================================================================
Received Prepare
Registering precompiled user dll's ...
Registered in 0.000734 seconds.
Begin MonoManager ReloadAssembly
Native extension for WindowsStandalone target not found
Native extension for WebGL target not found
Refreshing native plugins compatible for Editor in 0.24 ms, found 0 plugins.
Preloading 0 native plugins for Editor in 0.00 ms.
Invoked RoslynAnalysisRunner static constructor.
RoslynAnalysisRunner will not be running.
RoslynAnalysisRunner has terminated.
Mono: successfully reloaded assembly
- Completed reload, in  0.917 seconds
Platform modules already initialized, skipping
Refreshing native plugins compatible for Editor in 0.21 ms, found 0 plugins.
Preloading 0 native plugins for Editor in 0.00 ms.
Unloading 1110 Unused Serialized files (Serialized files now loaded: 0)
System memory in use before: 61.1 MB.
System memory in use after: 61.1 MB.

Unloading 5 unused Assets to reduce memory usage. Loaded Objects now: 1641.
Total: 2.664800 ms (FindLiveObjects: 0.650700 ms CreateObjectMapping: 0.084400 ms MarkObjects: 1.867100 ms  DeleteObjects: 0.058800 ms)

AssetImportWorkerClient::OnTransportError - code=2 error=End of file
